Determining if the pthread_create exist failed with the following output:
Change Dir: /home/lwl/workspace/3rd-test-learning/38. line_feature/vanishing_point/code/build/CMakeFiles/CMakeTmp

Run Build Command:"/usr/bin/make" "cmTC_d0b0e/fast"
/usr/bin/make -f CMakeFiles/cmTC_d0b0e.dir/build.make CMakeFiles/cmTC_d0b0e.dir/build
make[1]: Entering directory '/home/lwl/workspace/3rd-test-learning/38. line_feature/vanishing_point/code/build/CMakeFiles/CMakeTmp'
Building C object CMakeFiles/cmTC_d0b0e.dir/CheckSymbolExists.c.o
/usr/bin/cc    -o CMakeFiles/cmTC_d0b0e.dir/CheckSymbolExists.c.o   -c "/home/lwl/workspace/3rd-test-learning/38. line_feature/vanishing_point/code/build/CMakeFiles/CMakeTmp/CheckSymbolExists.c"
Linking C executable cmTC_d0b0e
/usr/local/bin/cmake -E cmake_link_script CMakeFiles/cmTC_d0b0e.dir/link.txt --verbose=1
/usr/bin/cc      CMakeFiles/cmTC_d0b0e.dir/CheckSymbolExists.c.o  -o cmTC_d0b0e 
CMakeFiles/cmTC_d0b0e.dir/CheckSymbolExists.c.o：在函数‘main’中：
CheckSymbolExists.c:(.text+0x16)：对‘pthread_create’未定义的引用
collect2: error: ld returned 1 exit status
CMakeFiles/cmTC_d0b0e.dir/build.make:86: recipe for target 'cmTC_d0b0e' failed
make[1]: *** [cmTC_d0b0e] Error 1
make[1]: Leaving directory '/home/lwl/workspace/3rd-test-learning/38. line_feature/vanishing_point/code/build/CMakeFiles/CMakeTmp'
Makefile:121: recipe for target 'cmTC_d0b0e/fast' failed
make: *** [cmTC_d0b0e/fast] Error 2

File /home/lwl/workspace/3rd-test-learning/38. line_feature/vanishing_point/code/build/CMakeFiles/CMakeTmp/CheckSymbolExists.c:
/* */
#include <pthread.h>

int main(int argc, char** argv)
{
  (void)argv;
#ifndef pthread_create
  return ((int*)(&pthread_create))[argc];
#else
  (void)argc;
  return 0;
#endif
}

Determining if the function pthread_create exists in the pthreads failed with the following output:
Change Dir: /home/lwl/workspace/3rd-test-learning/38. line_feature/vanishing_point/code/build/CMakeFiles/CMakeTmp

Run Build Command:"/usr/bin/make" "cmTC_1ff9c/fast"
/usr/bin/make -f CMakeFiles/cmTC_1ff9c.dir/build.make CMakeFiles/cmTC_1ff9c.dir/build
make[1]: Entering directory '/home/lwl/workspace/3rd-test-learning/38. line_feature/vanishing_point/code/build/CMakeFiles/CMakeTmp'
Building C object CMakeFiles/cmTC_1ff9c.dir/CheckFunctionExists.c.o
/usr/bin/cc   -DCHECK_FUNCTION_EXISTS=pthread_create   -o CMakeFiles/cmTC_1ff9c.dir/CheckFunctionExists.c.o   -c /usr/local/share/cmake-3.13/Modules/CheckFunctionExists.c
Linking C executable cmTC_1ff9c
/usr/local/bin/cmake -E cmake_link_script CMakeFiles/cmTC_1ff9c.dir/link.txt --verbose=1
/usr/bin/cc  -DCHECK_FUNCTION_EXISTS=pthread_create    CMakeFiles/cmTC_1ff9c.dir/CheckFunctionExists.c.o  -o cmTC_1ff9c -lpthreads 
/usr/bin/ld: 找不到 -lpthreads
collect2: error: ld returned 1 exit status
CMakeFiles/cmTC_1ff9c.dir/build.make:86: recipe for target 'cmTC_1ff9c' failed
make[1]: *** [cmTC_1ff9c] Error 1
make[1]: Leaving directory '/home/lwl/workspace/3rd-test-learning/38. line_feature/vanishing_point/code/build/CMakeFiles/CMakeTmp'
Makefile:121: recipe for target 'cmTC_1ff9c/fast' failed
make: *** [cmTC_1ff9c/fast] Error 2


