Determining if the pthread_create exist failed with the following output:
Change Dir: /home/lwl/workspace/3rd-test-learning/28. vslam_course/HW6/code/build/CMakeFiles/CMakeTmp

Run Build Command:"/usr/bin/make" "cmTC_1e492/fast"
/usr/bin/make -f CMakeFiles/cmTC_1e492.dir/build.make CMakeFiles/cmTC_1e492.dir/build
make[1]: Entering directory '/home/lwl/workspace/3rd-test-learning/28. vslam_course/HW6/code/build/CMakeFiles/CMakeTmp'
Building C object CMakeFiles/cmTC_1e492.dir/CheckSymbolExists.c.o
/usr/bin/cc    -o CMakeFiles/cmTC_1e492.dir/CheckSymbolExists.c.o   -c "/home/lwl/workspace/3rd-test-learning/28. vslam_course/HW6/code/build/CMakeFiles/CMakeTmp/CheckSymbolExists.c"
Linking C executable cmTC_1e492
/usr/local/bin/cmake -E cmake_link_script CMakeFiles/cmTC_1e492.dir/link.txt --verbose=1
/usr/bin/cc      CMakeFiles/cmTC_1e492.dir/CheckSymbolExists.c.o  -o cmTC_1e492 
CMakeFiles/cmTC_1e492.dir/CheckSymbolExists.c.o：在函数‘main’中：
CheckSymbolExists.c:(.text+0x16)：对‘pthread_create’未定义的引用
collect2: error: ld returned 1 exit status
CMakeFiles/cmTC_1e492.dir/build.make:86: recipe for target 'cmTC_1e492' failed
make[1]: *** [cmTC_1e492] Error 1
make[1]: Leaving directory '/home/lwl/workspace/3rd-test-learning/28. vslam_course/HW6/code/build/CMakeFiles/CMakeTmp'
Makefile:121: recipe for target 'cmTC_1e492/fast' failed
make: *** [cmTC_1e492/fast] Error 2

File /home/lwl/workspace/3rd-test-learning/28. vslam_course/HW6/code/build/CMakeFiles/CMakeTmp/CheckSymbolExists.c:
/* */
#include <pthread.h>

int main(int argc, char** argv)
{
  (void)argv;
#ifndef pthread_create
  return ((int*)(&pthread_create))[argc];
#else
  (void)argc;
  return 0;
#endif
}

Determining if the function pthread_create exists in the pthreads failed with the following output:
Change Dir: /home/lwl/workspace/3rd-test-learning/28. vslam_course/HW6/code/build/CMakeFiles/CMakeTmp

Run Build Command:"/usr/bin/make" "cmTC_25298/fast"
/usr/bin/make -f CMakeFiles/cmTC_25298.dir/build.make CMakeFiles/cmTC_25298.dir/build
make[1]: Entering directory '/home/lwl/workspace/3rd-test-learning/28. vslam_course/HW6/code/build/CMakeFiles/CMakeTmp'
Building C object CMakeFiles/cmTC_25298.dir/CheckFunctionExists.c.o
/usr/bin/cc   -DCHECK_FUNCTION_EXISTS=pthread_create   -o CMakeFiles/cmTC_25298.dir/CheckFunctionExists.c.o   -c /usr/local/share/cmake-3.13/Modules/CheckFunctionExists.c
Linking C executable cmTC_25298
/usr/local/bin/cmake -E cmake_link_script CMakeFiles/cmTC_25298.dir/link.txt --verbose=1
/usr/bin/cc  -DCHECK_FUNCTION_EXISTS=pthread_create    CMakeFiles/cmTC_25298.dir/CheckFunctionExists.c.o  -o cmTC_25298 -lpthreads 
/usr/bin/ld: 找不到 -lpthreads
collect2: error: ld returned 1 exit status
CMakeFiles/cmTC_25298.dir/build.make:86: recipe for target 'cmTC_25298' failed
make[1]: *** [cmTC_25298] Error 1
make[1]: Leaving directory '/home/lwl/workspace/3rd-test-learning/28. vslam_course/HW6/code/build/CMakeFiles/CMakeTmp'
Makefile:121: recipe for target 'cmTC_25298/fast' failed
make: *** [cmTC_25298/fast] Error 2


