Determining if the pthread_create exist failed with the following output:
Change Dir: /home/lwl/workspace/3rdparty-test-learning/16. pcl/build/CMakeFiles/CMakeTmp

Run Build Command:"/usr/bin/make" "cmTC_16a43/fast"
/usr/bin/make -f CMakeFiles/cmTC_16a43.dir/build.make CMakeFiles/cmTC_16a43.dir/build
make[1]: Entering directory '/home/lwl/workspace/3rdparty-test-learning/16. pcl/build/CMakeFiles/CMakeTmp'
Building C object CMakeFiles/cmTC_16a43.dir/CheckSymbolExists.c.o
/usr/bin/cc     -o CMakeFiles/cmTC_16a43.dir/CheckSymbolExists.c.o   -c "/home/lwl/workspace/3rdparty-test-learning/16. pcl/build/CMakeFiles/CMakeTmp/CheckSymbolExists.c"
Linking C executable cmTC_16a43
/usr/bin/cmake -E cmake_link_script CMakeFiles/cmTC_16a43.dir/link.txt --verbose=1
/usr/bin/cc       CMakeFiles/cmTC_16a43.dir/CheckSymbolExists.c.o  -o cmTC_16a43 
CMakeFiles/cmTC_16a43.dir/CheckSymbolExists.c.o：在函数‘main’中：
CheckSymbolExists.c:(.text+0x16)：对‘pthread_create’未定义的引用
collect2: error: ld returned 1 exit status
CMakeFiles/cmTC_16a43.dir/build.make:97: recipe for target 'cmTC_16a43' failed
make[1]: *** [cmTC_16a43] Error 1
make[1]: Leaving directory '/home/lwl/workspace/3rdparty-test-learning/16. pcl/build/CMakeFiles/CMakeTmp'
Makefile:126: recipe for target 'cmTC_16a43/fast' failed
make: *** [cmTC_16a43/fast] Error 2

File /home/lwl/workspace/3rdparty-test-learning/16. pcl/build/CMakeFiles/CMakeTmp/CheckSymbolExists.c:
/* */
#include <pthread.h>

int main(int argc, char** argv)
{
  (void)argv;
#ifndef pthread_create
  return ((int*)(&pthread_create))[argc];
#else
  (void)argc;
  return 0;
#endif
}

Determining if the function pthread_create exists in the pthreads failed with the following output:
Change Dir: /home/lwl/workspace/3rdparty-test-learning/16. pcl/build/CMakeFiles/CMakeTmp

Run Build Command:"/usr/bin/make" "cmTC_215eb/fast"
/usr/bin/make -f CMakeFiles/cmTC_215eb.dir/build.make CMakeFiles/cmTC_215eb.dir/build
make[1]: Entering directory '/home/lwl/workspace/3rdparty-test-learning/16. pcl/build/CMakeFiles/CMakeTmp'
Building C object CMakeFiles/cmTC_215eb.dir/CheckFunctionExists.c.o
/usr/bin/cc    -DCHECK_FUNCTION_EXISTS=pthread_create   -o CMakeFiles/cmTC_215eb.dir/CheckFunctionExists.c.o   -c /usr/share/cmake-3.5/Modules/CheckFunctionExists.c
Linking C executable cmTC_215eb
/usr/bin/cmake -E cmake_link_script CMakeFiles/cmTC_215eb.dir/link.txt --verbose=1
/usr/bin/cc   -DCHECK_FUNCTION_EXISTS=pthread_create    CMakeFiles/cmTC_215eb.dir/CheckFunctionExists.c.o  -o cmTC_215eb -lpthreads 
/usr/bin/ld: 找不到 -lpthreads
collect2: error: ld returned 1 exit status
CMakeFiles/cmTC_215eb.dir/build.make:97: recipe for target 'cmTC_215eb' failed
make[1]: *** [cmTC_215eb] Error 1
make[1]: Leaving directory '/home/lwl/workspace/3rdparty-test-learning/16. pcl/build/CMakeFiles/CMakeTmp'
Makefile:126: recipe for target 'cmTC_215eb/fast' failed
make: *** [cmTC_215eb/fast] Error 2


